{"level":"info","message":"server running...","timestamp":"2021-01-15T14:25:38.829Z"}
{"level":"info","message":"server running...","timestamp":"2021-01-15T14:27:11.534Z"}
{"level":"info","message":"server running...","timestamp":"2021-01-15T14:28:32.607Z"}
{"level":"info","message":"server running...","timestamp":"2021-01-15T14:29:45.616Z"}
{"level":"info","message":"server running...","timestamp":"2021-01-15T14:32:58.866Z"}
{"level":"info","message":"server running...","timestamp":"2021-01-15T14:33:06.964Z"}
{"level":"info","message":"server running... on port 5000","timestamp":"2021-01-15T14:33:29.970Z"}
{"level":"info","message":"server running... on port 5000","timestamp":"2021-01-15T14:34:49.497Z"}
{"level":"info","message":"server running... on port 5000","timestamp":"2021-01-15T14:46:27.887Z"}
{"level":"info","message":"server running... on port 5000","timestamp":"2021-01-15T14:47:54.771Z"}
{"level":"info","message":"server running... on port 5000","timestamp":"2021-01-15T14:48:24.603Z"}
{"level":"info","message":"server running... on port 5000","timestamp":"2021-01-15T14:48:35.956Z"}
{"level":"info","message":"server running... on port 5000","timestamp":"2021-01-15T14:50:15.996Z"}
{"level":"info","message":"server running... on port 5000","timestamp":"2021-01-15T14:50:27.778Z"}
{"level":"info","message":"server running... on port 5000","timestamp":"2021-01-15T14:51:34.348Z"}
{"level":"info","message":"server running... on port 5000","timestamp":"2021-01-15T14:51:56.038Z"}
{"level":"info","message":"server running... on port 5000","timestamp":"2021-01-15T14:53:46.064Z"}
{"level":"info","message":"server running... on port 5000","timestamp":"2021-01-15T14:54:30.188Z"}
{"level":"info","message":"server running... on port 5000","timestamp":"2021-01-15T14:55:26.596Z"}
{"level":"info","message":"server running... on port 5000","timestamp":"2021-01-15T14:55:29.535Z"}
{"level":"info","message":"server running... on port 5000","timestamp":"2021-01-15T14:55:48.319Z"}
{"level":"info","message":"server running... on port 5000","timestamp":"2021-01-15T15:04:32.446Z"}
{"level":"info","message":"server running... on port 5000","timestamp":"2021-01-15T15:04:48.872Z"}
{"level":"info","message":"server running... on port 5000","timestamp":"2021-01-15T15:05:06.468Z"}
{"level":"info","message":"server running... on port 5000","timestamp":"2021-01-15T15:06:37.087Z"}
{"level":"info","message":"server running... on port 5000","timestamp":"2021-01-15T15:07:18.964Z"}
{"level":"info","message":"server running... on port 5000","timestamp":"2021-01-15T15:07:31.899Z"}
{"level":"info","message":"server running... on port 5000","timestamp":"2021-01-15T15:08:31.852Z"}
{"level":"info","message":"server running... on port 5000","timestamp":"2021-01-15T15:10:18.321Z"}
{"level":"info","message":"server running... on port 5000","timestamp":"2021-01-15T15:11:06.718Z"}
{"level":"info","message":"server running... on port 5000","timestamp":"2021-01-15T15:13:00.870Z"}
{"level":"info","message":"server running... on port 5000","timestamp":"2021-01-15T15:14:18.709Z"}
{"level":"info","message":"server running... on port 5000","timestamp":"2021-01-15T15:14:24.848Z"}
{"level":"info","message":"server running... on port 5000","timestamp":"2021-01-15T15:21:44.141Z"}
{"level":"info","message":"server running... on port 5000","timestamp":"2021-01-15T15:30:52.875Z"}
{"level":"info","message":"server running... on port 5000","timestamp":"2021-01-15T15:31:02.727Z"}
{"level":"info","message":"server running... on port 5000","timestamp":"2021-01-15T15:31:23.151Z"}
{"level":"info","message":"server running... on port 5000","timestamp":"2021-01-15T15:32:55.625Z"}
{"level":"info","message":"server running... on port 5000","timestamp":"2021-01-15T15:33:18.943Z"}
{"level":"info","message":"server running... on port 5000","timestamp":"2021-01-15T15:33:29.069Z"}
{"level":"info","message":"server running... on port 5000","timestamp":"2021-01-15T15:34:40.249Z"}
{"level":"info","message":"server running... on port 5000","timestamp":"2021-01-15T15:42:33.858Z"}
{"level":"info","message":"server running... on port 5000","timestamp":"2021-01-15T15:43:19.376Z"}
{"level":"info","message":"server running... on port 5000","timestamp":"2021-01-15T15:44:14.188Z"}
{"level":"info","message":"server running... on port 5000","timestamp":"2021-01-15T15:46:49.003Z"}
{"level":"info","message":"server running... on port 5000","timestamp":"2021-01-15T15:48:50.328Z"}
{"level":"info","message":"server running... on port 5000","timestamp":"2021-01-15T15:49:07.322Z"}
{"level":"info","message":"server running... on port 5000","timestamp":"2021-01-15T15:49:34.336Z"}
{"level":"info","message":"server running... on port 5000","timestamp":"2021-01-15T15:49:53.412Z"}
{"level":"info","message":"server running... on port 5000","timestamp":"2021-01-15T15:55:36.113Z"}
{"level":"info","message":"server running... on port 5000","timestamp":"2021-01-15T15:56:06.490Z"}
{"level":"info","message":"server running... on port 5000","timestamp":"2021-01-15T15:57:09.217Z"}
{"level":"info","message":"server running... on port 5000","timestamp":"2021-01-15T15:57:23.913Z"}
{"level":"info","message":"server running... on port 5000","timestamp":"2021-01-15T15:57:40.897Z"}
{"level":"info","message":"server running... on port 5000","timestamp":"2021-01-15T15:58:36.478Z"}
{"level":"info","message":"server running... on port 5000","timestamp":"2021-01-15T16:00:19.061Z"}
{"level":"info","message":"server running... on port 5000","timestamp":"2021-01-15T16:03:42.382Z"}
{"level":"info","message":"server running... on port 5000","timestamp":"2021-01-15T16:04:10.634Z"}
{"level":"info","message":"server running... on port 5000","timestamp":"2021-01-15T16:04:47.130Z"}
{"level":"info","message":"server running... on port 5000","timestamp":"2021-01-15T16:05:36.205Z"}
{"level":"info","message":"server running... on port 5000","timestamp":"2021-01-15T16:05:50.964Z"}
{"level":"info","message":"server running... on port 5000","timestamp":"2021-01-15T16:06:13.827Z"}
{"level":"info","message":"server running... on port 5000","timestamp":"2021-01-15T16:06:49.776Z"}
{"level":"info","message":"server running... on port 5000","timestamp":"2021-01-15T16:07:35.340Z"}
{"level":"info","message":"server running... on port 5000","timestamp":"2021-01-15T16:11:15.362Z"}
{"level":"info","message":"server running... on port 5000","timestamp":"2021-01-15T16:12:05.664Z"}
{"level":"info","message":"server running... on port 5000","timestamp":"2021-01-15T16:12:45.198Z"}
{"level":"info","message":"server running... on port 5000","timestamp":"2021-01-15T16:14:03.226Z"}
{"level":"info","message":"server running... on port 5000","timestamp":"2021-01-15T16:15:42.869Z"}
{"level":"info","message":"server running... on port 5000","timestamp":"2021-01-15T16:16:12.973Z"}
{"level":"info","message":"server running... on port 5000","timestamp":"2021-01-15T16:16:44.695Z"}
{"level":"info","message":"server running... on port 5000","timestamp":"2021-01-15T16:17:49.945Z"}
{"level":"info","message":"server running... on port 5000","timestamp":"2021-01-15T16:18:20.587Z"}
{"level":"info","message":"server running... on port 5000","timestamp":"2021-01-15T16:19:04.173Z"}
{"level":"info","message":"server running... on port 5000","timestamp":"2021-01-15T16:19:50.811Z"}
{"level":"info","message":"server running... on port 5000","timestamp":"2021-01-15T16:20:20.556Z"}
{"level":"info","message":"server running... on port 5000","timestamp":"2021-01-15T16:20:41.354Z"}
{"level":"info","message":"server running... on port 5000","timestamp":"2021-01-15T16:21:13.307Z"}
{"level":"info","message":"server running... on port 5000","timestamp":"2021-01-15T16:26:21.067Z"}
{"level":"info","message":"server running... on port 5000","timestamp":"2021-01-15T16:26:49.832Z"}
{"level":"info","message":"server running... on port 5000","timestamp":"2021-01-15T16:27:59.743Z"}
{"level":"info","message":"server running... on port 5000","timestamp":"2021-01-15T16:29:14.745Z"}
{"level":"info","message":"server running... on port 5000","timestamp":"2021-01-15T16:30:18.473Z"}
{"level":"info","message":"server running... on port 5000","timestamp":"2021-01-15T18:17:44.196Z"}
{"level":"info","message":"server running... on port 5000","timestamp":"2021-01-15T18:19:04.801Z"}
{"level":"info","message":"server running... on port 5000","timestamp":"2021-01-15T19:40:18.285Z"}
{"level":"info","message":"server running... on port 5000","timestamp":"2021-01-15T19:41:31.392Z"}
{"level":"info","message":"server running... on port 5000","timestamp":"2021-01-15T19:49:32.302Z"}
{"level":"info","message":"server running... on port 5000","timestamp":"2021-01-15T19:49:44.004Z"}
{"level":"info","message":"server running... on port 5000","timestamp":"2021-01-15T19:50:04.407Z"}
{"level":"info","message":"server running... on port 5000","timestamp":"2021-01-15T19:52:18.858Z"}
{"level":"info","message":"server running... on port 5000","timestamp":"2021-01-15T19:53:04.718Z"}
{"level":"info","message":"server running... on port 5000","timestamp":"2021-01-15T19:57:00.139Z"}
{"level":"info","message":"server running... on port 5000","timestamp":"2021-01-15T19:57:03.038Z"}
{"level":"info","message":"server running... on port 5000","timestamp":"2021-01-15T19:57:16.007Z"}
{"level":"info","message":"server running... on port 5000","timestamp":"2021-01-15T19:57:27.207Z"}
{"level":"info","message":"server running... on port 5000","timestamp":"2021-01-15T19:57:45.636Z"}
{"level":"info","message":"server running... on port 5000","timestamp":"2021-01-15T19:58:12.932Z"}
{"level":"info","message":"server running... on port 5000","timestamp":"2021-01-15T19:58:19.575Z"}
{"level":"info","message":"server running... on port 5000","timestamp":"2021-01-15T19:58:53.513Z"}
{"level":"info","message":"server running... on port 5000","timestamp":"2021-01-15T19:59:06.740Z"}
{"level":"info","message":"server running... on port 5000","timestamp":"2021-01-15T19:59:38.625Z"}
{"level":"info","message":"server running... on port 5000","timestamp":"2021-01-15T19:59:59.097Z"}
{"level":"info","message":"server running... on port 5000","timestamp":"2021-01-15T20:00:34.689Z"}
{"level":"info","message":"server running... on port 5000","timestamp":"2021-01-15T20:00:45.404Z"}
{"level":"info","message":"server running... on port 5000","timestamp":"2021-01-15T20:01:53.531Z"}
{"level":"info","message":"server running... on port 5000","timestamp":"2021-01-15T20:02:25.363Z"}
{"level":"info","message":"server running... on port 5000","timestamp":"2021-01-15T20:03:02.289Z"}
{"level":"info","message":"server running... on port 5000","timestamp":"2021-01-15T20:05:27.638Z"}
{"level":"info","message":"server running... on port 5000","timestamp":"2021-01-15T20:07:29.354Z"}
{"level":"info","message":"server running... on port 5000","timestamp":"2021-01-15T20:07:48.014Z"}
{"level":"info","message":"server running... on port 5000","timestamp":"2021-01-15T20:08:05.602Z"}
{"level":"info","message":"server running... on port 5000","timestamp":"2021-01-15T20:08:46.184Z"}
{"level":"info","message":"server running... on port 5000","timestamp":"2021-01-15T20:10:23.488Z"}
{"level":"info","message":"server running... on port 5000","timestamp":"2021-01-15T20:12:47.374Z"}
{"level":"info","message":"server running... on port 5000","timestamp":"2021-01-15T20:14:02.188Z"}
{"level":"info","message":"server running... on port 5000","timestamp":"2021-01-15T20:18:43.360Z"}
{"level":"info","message":"server running... on port 5000","timestamp":"2021-01-15T20:22:50.856Z"}
{"level":"info","message":"server running... on port 5000","timestamp":"2021-01-15T20:23:39.562Z"}
{"level":"info","message":"server running... on port 5000","timestamp":"2021-01-15T20:25:47.753Z"}
{"level":"info","message":"server running... on port 5000","timestamp":"2021-01-15T20:25:52.966Z"}
{"level":"info","message":"server running... on port 5000","timestamp":"2021-01-15T20:26:08.005Z"}
{"level":"info","message":"server running... on port 5000","timestamp":"2021-01-15T20:27:12.933Z"}
{"level":"info","message":"server running... on port 5000","timestamp":"2021-01-15T20:28:33.701Z"}
{"level":"info","message":"server running... on port 5000","timestamp":"2021-01-15T20:28:39.642Z"}
{"level":"info","message":"server running... on port 5000","timestamp":"2021-01-15T20:30:25.162Z"}
{"level":"info","message":"server running... on port 5000","timestamp":"2021-01-15T20:30:53.571Z"}
{"level":"info","message":"server running... on port 5000","timestamp":"2021-01-15T20:35:14.611Z"}
{"level":"info","message":"server running... on port 5000","timestamp":"2021-01-15T20:35:16.192Z"}
{"level":"info","message":"server running... on port 5000","timestamp":"2021-01-15T20:35:41.725Z"}
{"level":"info","message":"server running... on port 5000","timestamp":"2021-01-15T20:36:50.731Z"}
{"level":"info","message":"server running... on port 5000","timestamp":"2021-01-15T20:37:44.207Z"}
{"level":"info","message":"server running... on port 5000","timestamp":"2021-01-15T20:38:27.909Z"}
{"level":"info","message":"server running... on port 5000","timestamp":"2021-01-15T20:39:32.252Z"}
{"level":"info","message":"server running... on port 5000","timestamp":"2021-01-15T20:42:06.240Z"}
{"level":"info","message":"server running... on port 5000","timestamp":"2021-01-15T20:42:36.032Z"}
{"level":"info","message":"server running... on port 5000","timestamp":"2021-01-15T20:42:47.902Z"}
{"level":"info","message":"server running... on port 5000","timestamp":"2021-01-15T20:47:27.184Z"}
{"level":"info","message":"server running... on port 5000","timestamp":"2021-01-15T20:47:49.453Z"}
{"level":"info","message":"server running... on port 5000","timestamp":"2021-01-15T20:48:02.405Z"}
{"level":"info","message":"server running... on port 5000","timestamp":"2021-01-15T20:49:10.539Z"}
{"level":"info","message":"server running... on port 5000","timestamp":"2021-01-15T20:50:04.626Z"}
{"level":"info","message":"server running... on port 5000","timestamp":"2021-01-15T20:52:10.518Z"}
{"level":"info","message":"server running... on port 5000","timestamp":"2021-01-15T20:55:13.312Z"}
{"level":"info","message":"server running... on port 5000","timestamp":"2021-01-15T20:58:41.474Z"}
{"level":"info","message":"server running... on port 5000","timestamp":"2021-01-15T21:01:14.433Z"}
{"level":"info","message":"server running... on port 5000","timestamp":"2021-01-15T21:01:30.418Z"}
{"level":"info","message":"server running... on port 5000","timestamp":"2021-01-15T21:03:02.438Z"}
{"level":"info","message":"server running... on port 5000","timestamp":"2021-01-15T21:03:19.386Z"}
{"level":"info","message":"server running... on port 5000","timestamp":"2021-01-15T21:04:03.382Z"}
{"level":"error","message":"Cannot read property 'toUpperCase' of undefined","timestamp":"2021-01-15T21:04:09.400Z"}
{"level":"info","message":"server running... on port 5000","timestamp":"2021-01-15T21:04:30.392Z"}
{"level":"info","message":"server running... on port 5000","timestamp":"2021-01-15T21:04:44.296Z"}
{"level":"info","message":"server running... on port 5000","timestamp":"2021-01-15T21:07:50.385Z"}
{"level":"info","message":"server running... on port 5000","timestamp":"2021-01-15T21:07:54.071Z"}
{"level":"info","message":"server running... on port 5000","timestamp":"2021-01-15T21:09:16.874Z"}
{"level":"info","message":"server running... on port 5000","timestamp":"2021-01-15T21:09:52.956Z"}
{"level":"info","message":"server running... on port 5000","timestamp":"2021-01-15T21:12:13.401Z"}
{"level":"info","message":"server running... on port 5000","timestamp":"2021-01-15T21:14:28.178Z"}
{"level":"info","message":"server running... on port 5000","timestamp":"2021-01-15T21:15:27.493Z"}
{"level":"info","message":"server running... on port 5000","timestamp":"2021-01-15T21:15:43.406Z"}
{"level":"info","message":"server running... on port 5000","timestamp":"2021-01-15T21:15:59.120Z"}
{"level":"info","message":"server running... on port 5000","timestamp":"2021-01-15T21:16:14.193Z"}
{"level":"info","message":"server running... on port 5000","timestamp":"2021-01-15T21:16:27.302Z"}
{"level":"info","message":"server running... on port 5000","timestamp":"2021-01-15T21:16:56.600Z"}
{"level":"info","message":"server running... on port 5000","timestamp":"2021-01-15T21:17:23.026Z"}
{"level":"info","message":"server running... on port 5000","timestamp":"2021-01-15T21:17:35.395Z"}
{"level":"error","message":"Incorrect locale information provided","timestamp":"2021-01-15T21:17:38.020Z"}
{"level":"info","message":"server running... on port 5000","timestamp":"2021-01-15T21:18:52.929Z"}
{"level":"info","message":"server running... on port 5000","timestamp":"2021-01-15T21:19:10.267Z"}
{"level":"info","message":"server running... on port 5000","timestamp":"2021-01-15T21:20:45.923Z"}
{"level":"info","message":"server running... on port 5000","timestamp":"2021-01-15T21:21:17.354Z"}
{"level":"info","message":"server running... on port 5000","timestamp":"2021-01-15T21:21:25.118Z"}
{"level":"error","message":"(intermediate value).now is not a function","timestamp":"2021-01-15T21:21:26.077Z"}
{"level":"info","message":"server running... on port 5000","timestamp":"2021-01-15T21:21:35.914Z"}
{"level":"info","message":"server running... on port 5000","timestamp":"2021-01-15T21:21:46.100Z"}
{"level":"error","message":"Date(...).now is not a function","timestamp":"2021-01-15T21:21:50.043Z"}
{"level":"info","message":"server running... on port 5000","timestamp":"2021-01-15T21:23:54.454Z"}
{"level":"info","message":"server running... on port 5000","timestamp":"2021-01-15T21:24:27.340Z"}
{"level":"info","message":"server running... on port 5000","timestamp":"2021-01-15T21:25:42.274Z"}
{"level":"info","message":"server running... on port 5000","timestamp":"2021-01-15T21:26:00.929Z"}
{"level":"info","message":"server running... on port 5000","timestamp":"2021-01-15T21:26:11.844Z"}
{"level":"info","message":"server running... on port 5000","timestamp":"2021-01-15T21:26:31.422Z"}
{"level":"error","message":"(intermediate value).toISODateString is not a function","timestamp":"2021-01-15T21:26:34.545Z"}
{"level":"info","message":"server running... on port 5000","timestamp":"2021-01-15T21:26:46.940Z"}
{"level":"info","message":"server running... on port 5000","timestamp":"2021-01-15T21:27:33.310Z"}
{"level":"info","message":"server running... on port 5000","timestamp":"2021-01-15T21:28:50.952Z"}
{"level":"info","message":"server running... on port 5000","timestamp":"2021-01-15T21:56:06.004Z"}
{"level":"info","message":"server running... on port 5000","timestamp":"2021-01-15T22:04:14.433Z"}
{"level":"info","message":"server running... on port 5000","timestamp":"2021-01-15T22:06:29.080Z"}
{"level":"info","message":"server running... on port 5000","timestamp":"2021-01-15T22:21:41.503Z"}
{"level":"info","message":"server running... on port 5000","timestamp":"2021-01-15T22:23:34.424Z"}
{"level":"info","message":"server running... on port 5000","timestamp":"2021-01-15T23:07:33.941Z"}
{"level":"info","message":"server running... on port 5000","timestamp":"2021-01-15T23:07:40.393Z"}
